<?xml version="1.0" encoding="UTF-8"?>
<!-- Generated by org.testng.reporters.JUnitReportReporter -->
<testsuite hostname="admin-PC" name="testcaseClearTrip.ClearTripScenario" tests="1" failures="0" timestamp="6 Aug 2017 07:46:12 GMT" time="70.284" errors="0">
  <testcase name="Registration" time="70.284" classname="testcaseClearTrip.ClearTripScenario"/>
</testsuite> <!-- testcaseClearTrip.ClearTripScenario -->
